<?xml version="1.0" encoding="UTF-8"?>
<!-- Generated by org.testng.reporters.JUnitReportReporter -->
<testsuite hostname="LAPTOP-EP6OBCTN" failures="0" tests="2" name="vTiger.OrganizationsTests.CreateOrganizationsTestWithTestNG" time="137.364" errors="0" timestamp="2022-12-07T14:48:10 IST" skipped="0">
  <testcase classname="vTiger.OrganizationsTests.CreateOrganizationsTestWithTestNG" name="createOrgTest" time="68.741"/>
  <system-out>
    <![CDATA[Homepage is displayed
Organization page is displayed
Organization]]>
  </system-out>
  <testcase classname="vTiger.OrganizationsTests.CreateOrganizationsTestWithTestNG" name="createOrgTest" time="68.623"/>
  <system-out>
    <![CDATA[Homepage is displayed
Organization page is displayed
Organization]]>
  </system-out>
</testsuite> <!-- vTiger.OrganizationsTests.CreateOrganizationsTestWithTestNG -->
