<?xml version="1.0" encoding="UTF-8"?>
<!-- Generated by org.testng.reporters.JUnitReportReporter -->
<testsuite hostname="LAPTOP-EP6OBCTN" failures="0" tests="2" name="vTiger.Practice.AnnotationsPractice1" time="0.011" errors="0" timestamp="2022-11-28T13:54:02 IST" skipped="0">
  <testcase classname="vTiger.Practice.AnnotationsPractice1" name="test1" time="0.009"/>
  <system-out/>
  <testcase classname="vTiger.Practice.AnnotationsPractice1" name="test2" time="0.002"/>
  <system-out/>
</testsuite> <!-- vTiger.Practice.AnnotationsPractice1 -->
