<?xml version="1.0" encoding="UTF-8"?>
<!-- Generated by org.testng.reporters.JUnitReportReporter -->
<testsuite hostname="LAPTOP-EP6OBCTN" failures="0" tests="1" name="vTiger.Practice.AnnotationsPracticeClass3" time="0.002" errors="0" timestamp="2022-11-28T13:58:04 IST" skipped="0">
  <testcase classname="vTiger.Practice.AnnotationsPracticeClass3" name="test3" time="0.002"/>
  <system-out/>
</testsuite> <!-- vTiger.Practice.AnnotationsPracticeClass3 -->
