<?xml version="1.0" encoding="UTF-8"?>
<!-- Generated by org.testng.reporters.JUnitReportReporter -->
<testsuite hostname="LAPTOP-EP6OBCTN" failures="0" tests="7" name="vTiger.OrganizationsTests.CreateOrgWithIndustryUsingDataProvider" time="302.222" errors="0" timestamp="2022-11-23T18:21:45 IST" skipped="0">
  <testcase classname="vTiger.OrganizationsTests.CreateOrgWithIndustryUsingDataProvider" name="createMultipleOrg" time="28.708"/>
  <system-out/>
  <testcase classname="vTiger.OrganizationsTests.CreateOrgWithIndustryUsingDataProvider" name="createMultipleOrg" time="41.812"/>
  <system-out/>
  <testcase classname="vTiger.OrganizationsTests.CreateOrgWithIndustryUsingDataProvider" name="createMultipleOrg" time="41.170"/>
  <system-out/>
  <testcase classname="vTiger.OrganizationsTests.CreateOrgWithIndustryUsingDataProvider" name="createMultipleOrg" time="43.950"/>
  <system-out/>
  <testcase classname="vTiger.OrganizationsTests.CreateOrgWithIndustryUsingDataProvider" name="createMultipleOrg" time="54.862"/>
  <system-out/>
  <testcase classname="vTiger.OrganizationsTests.CreateOrgWithIndustryUsingDataProvider" name="createMultipleOrg" time="49.458"/>
  <system-out/>
  <testcase classname="vTiger.OrganizationsTests.CreateOrgWithIndustryUsingDataProvider" name="createMultipleOrg" time="42.262"/>
  <system-out/>
</testsuite> <!-- vTiger.OrganizationsTests.CreateOrgWithIndustryUsingDataProvider -->
