<?xml version="1.0" encoding="UTF-8"?>
<!-- Generated by org.testng.reporters.JUnitReportReporter -->
<testsuite hostname="LAPTOP-EP6OBCTN" failures="0" tests="2" name="vTiger.Practice.AnnotationsPractice3" time="0.009" errors="0" timestamp="2022-11-28T13:58:04 IST" skipped="0">
  <testcase classname="vTiger.Practice.AnnotationsPractice3" name="test1" time="0.008"/>
  <system-out/>
  <testcase classname="vTiger.Practice.AnnotationsPractice3" name="test2" time="0.001"/>
  <system-out/>
</testsuite> <!-- vTiger.Practice.AnnotationsPractice3 -->
