<?xml version="1.0" encoding="UTF-8"?>
<!-- Generated by org.testng.reporters.JUnitReportReporter -->
<testsuite hostname="LAPTOP-EP6OBCTN" failures="0" tests="3" name="vTiger.Practice.DataProviderPractice" time="0.014" errors="0" timestamp="2022-12-10T09:14:21 IST" skipped="0">
  <testcase classname="vTiger.Practice.DataProviderPractice" name="dataProviderPractice" time="0.009"/>
  <system-out/>
  <testcase classname="vTiger.Practice.DataProviderPractice" name="dataProviderPractice" time="0.002"/>
  <system-out/>
  <testcase classname="vTiger.Practice.DataProviderPractice" name="dataProviderPractice" time="0.003"/>
  <system-out/>
</testsuite> <!-- vTiger.Practice.DataProviderPractice -->
