<?xml version="1.0" encoding="UTF-8"?>
<!-- Generated by org.testng.reporters.JUnitReportReporter -->
<testsuite hostname="LAPTOP-EP6OBCTN" failures="0" tests="2" name="vTiger.ContactsTests.CreateContactWithOrganizationWithTestNG" time="57.566" errors="0" timestamp="2022-12-03T21:54:37 IST" skipped="0">
  <testcase classname="vTiger.ContactsTests.CreateContactWithOrganizationWithTestNG" name="CreateContactWithOrgTestNG" time="41.529"/>
  <system-out>
    <![CDATA[Organization button is clicked
Organization page is opened
Organization is created with Wipro699 and Healthcare
Contact page is opened]]>
  </system-out>
  <testcase classname="vTiger.ContactsTests.CreateContactWithOrganizationWithTestNG" name="Test1Demo" time="16.037"/>
  <system-out/>
</testsuite> <!-- vTiger.ContactsTests.CreateContactWithOrganizationWithTestNG -->
