<?xml version="1.0" encoding="UTF-8"?>
<!-- Generated by org.testng.reporters.JUnitReportReporter -->
<testsuite hostname="LAPTOP-EP6OBCTN" failures="0" tests="1" name="vTiger.Practice.PracticeData" time="0.011" errors="0" timestamp="2022-12-12T17:33:22 IST" skipped="0">
  <testcase classname="vTiger.Practice.PracticeData" name="readData" time="0.011"/>
  <system-out/>
</testsuite> <!-- vTiger.Practice.PracticeData -->
