<?xml version="1.0" encoding="UTF-8"?>
<!-- Generated by org.testng.reporters.JUnitReportReporter -->
<testsuite hostname="LAPTOP-EP6OBCTN" failures="0" tests="1" name="vTiger.Practice.AnnotationsPractice2" time="0.010" errors="0" timestamp="2022-12-03T16:30:03 IST" skipped="0">
  <testcase classname="vTiger.Practice.AnnotationsPractice2" name="test1" time="0.010"/>
  <system-out/>
</testsuite> <!-- vTiger.Practice.AnnotationsPractice2 -->
