<?xml version="1.0" encoding="UTF-8"?>
<!-- Generated by org.testng.reporters.JUnitReportReporter -->
<testsuite hostname="LAPTOP-EP6OBCTN" failures="0" tests="1" name="vTiger.Practice.TestClassPractice" time="0.008" errors="0" timestamp="2022-12-03T19:25:23 IST" skipped="0">
  <testcase classname="vTiger.Practice.TestClassPractice" name="test1" time="0.008"/>
  <system-out/>
</testsuite> <!-- vTiger.Practice.TestClassPractice -->
